2024-08-15 16:45:28,141 - INFO - Starting the browser...
2024-08-15 16:45:29,821 - INFO - Number of products found: 6
2024-08-15 16:45:29,847 - INFO - Sauce Labs Backpack
carry.allTheThings() with the sleek, streamlined Sly Pack that melds uncompromising style with unequaled laptop and tablet protection.
$29.99
Add to cart
2024-08-15 16:45:29,866 - INFO - Sauce Labs Bike Light
A red light isn't the desired state in testing but it sure helps when riding your bike at night. Water-resistant with 3 lighting modes, 1 AAA battery included.
$9.99
Add to cart
2024-08-15 16:45:29,885 - INFO - Sauce Labs Bolt T-Shirt
Get your testing superhero on with the Sauce Labs bolt T-shirt. From American Apparel, 100% ringspun combed cotton, heather gray with red bolt.
$15.99
Add to cart
2024-08-15 16:45:29,906 - INFO - Sauce Labs Fleece Jacket
It's not every day that you come across a midweight quarter-zip fleece jacket capable of handling everything from a relaxing day outdoors to a busy day at the office.
$49.99
Add to cart
2024-08-15 16:45:29,924 - INFO - Sauce Labs Onesie
Rib snap infant onesie for the junior automation engineer in development. Reinforced 3-snap bottom closure, two-needle hemmed sleeved and bottom won't unravel.
$7.99
Add to cart
2024-08-15 16:45:29,943 - INFO - Test.allTheThings() T-Shirt (Red)
This classic Sauce Labs t-shirt is perfect to wear when cozying up to your keyboard to automate a few tests. Super-soft and comfy ringspun combed cotton.
$15.99
Add to cart
2024-08-15 16:45:29,969 - INFO - Number of 'Add to cart' buttons found: 6
2024-08-15 16:45:29,984 - INFO - Button found with text: Add to cart
2024-08-15 16:45:30,018 - INFO - Click on the button with class Add cart successful
2024-08-15 16:45:30,030 - INFO - The button has transformed into Remove
2024-08-15 16:45:30,047 - INFO - Button found with text: Add to cart
2024-08-15 16:45:30,081 - INFO - Click on the button with class Add cart successful
2024-08-15 16:45:30,090 - INFO - The button has transformed into Remove
2024-08-15 16:45:30,105 - INFO - Button found with text: Add to cart
2024-08-15 16:45:30,139 - INFO - Click on the button with class Add cart successful
2024-08-15 16:45:30,149 - INFO - The button has transformed into Remove
2024-08-15 16:45:30,164 - INFO - Button found with text: Add to cart
2024-08-15 16:45:30,195 - INFO - Click on the button with class Add cart successful
2024-08-15 16:45:30,203 - INFO - The button has transformed into Remove
2024-08-15 16:45:30,224 - INFO - Button found with text: Add to cart
2024-08-15 16:45:30,255 - INFO - Click on the button with class Add cart successful
2024-08-15 16:45:30,262 - INFO - The button has transformed into Remove
2024-08-15 16:45:30,276 - INFO - Button found with text: Add to cart
2024-08-15 16:45:30,305 - INFO - Click on the button with class Add cart successful
2024-08-15 16:45:30,312 - INFO - The button has transformed into Remove
Starting the browser...
Number of products found: 6
Sauce Labs Backpack
carry.allTheThings() with the sleek, streamlined Sly Pack that melds uncompromising style with unequaled laptop and tablet protection.
$29.99
Add to cart
Sauce Labs Bike Light
A red light isn't the desired state in testing but it sure helps when riding your bike at night. Water-resistant with 3 lighting modes, 1 AAA battery included.
$9.99
Add to cart
Sauce Labs Bolt T-Shirt
Get your testing superhero on with the Sauce Labs bolt T-shirt. From American Apparel, 100% ringspun combed cotton, heather gray with red bolt.
$15.99
Add to cart
Sauce Labs Fleece Jacket
It's not every day that you come across a midweight quarter-zip fleece jacket capable of handling everything from a relaxing day outdoors to a busy day at the office.
$49.99
Add to cart
Sauce Labs Onesie
Rib snap infant onesie for the junior automation engineer in development. Reinforced 3-snap bottom closure, two-needle hemmed sleeved and bottom won't unravel.
$7.99
Add to cart
Test.allTheThings() T-Shirt (Red)
This classic Sauce Labs t-shirt is perfect to wear when cozying up to your keyboard to automate a few tests. Super-soft and comfy ringspun combed cotton.
$15.99
Add to cart
Number of 'Add to cart' buttons found: 6
Button found with text: Add to cart
Click on the button with class Add cart successful
The button has transformed into Remove
Button found with text: Add to cart
Click on the button with class Add cart successful
The button has transformed into Remove
Button found with text: Add to cart
Click on the button with class Add cart successful
The button has transformed into Remove
Button found with text: Add to cart
Click on the button with class Add cart successful
The button has transformed into Remove
Button found with text: Add to cart
Click on the button with class Add cart successful
The button has transformed into Remove
Button found with text: Add to cart
Click on the button with class Add cart successful
The button has transformed into Remove
